[2023-08-27 14:54:51,143] multiqc                                            [DEBUG  ]  This is MultiQC v1.14
[2023-08-27 14:54:51,238] multiqc                                            [DEBUG  ]  Loading config settings from: multiqc_config.yml
[2023-08-27 14:54:51,239] multiqc                                            [DEBUG  ]  New config: {'report_comment': 'This report has been generated by the <a href="https://github.com/nf-core/rnaseq" target="_blank">nf-core/rnaseq</a> analysis pipeline. For information about how to interpret these results, please see the <a href="https://nf-co.re/rnaseq" target="_blank">documentation</a>.\n', 'report_section_order': {'nf-core-rnaseq-methods-description': {'order': -1000}, 'software_versions': {'order': -1001}, 'nf-core-rnaseq-summary': {'order': -1002}}, 'export_plots': True, 'run_modules': ['custom_content', 'fastqc', 'cutadapt', 'fastp', 'sortmerna', 'star', 'hisat2', 'rsem', 'salmon', 'samtools', 'picard', 'preseq', 'rseqc', 'qualimap'], 'top_modules': ['fail_trimmed_samples', 'fail_mapped_samples', 'fail_strand_check', 'star_rsem_deseq2_pca', 'star_rsem_deseq2_clustering', 'star_salmon_deseq2_pca', 'star_salmon_deseq2_clustering', 'salmon_deseq2_pca', 'salmon_deseq2_clustering', 'biotype_counts', 'dupradar'], 'module_order': [{'fastqc': {'name': 'FastQC (raw)', 'info': 'This section of the report shows FastQC results before adapter trimming.', 'path_filters': ['./fastqc/raw/*.zip']}}, 'cutadapt', 'fastp', {'fastqc': {'name': 'FastQC (trimmed)', 'info': 'This section of the report shows FastQC results after adapter trimming.', 'path_filters': ['./fastqc/trim/*.zip']}}], 'table_columns_visible': {'fastqc': {'percent_duplicates': False}}, 'custom_data': {'fail_trimmed_samples': {'section_name': 'WARNING: Fail Trimming Check', 'description': "List of samples that failed the minimum trimmed reads threshold specified via the '--min_trimmed_reads' parameter, and hence were ignored for the downstream processing steps.", 'plot_type': 'table', 'pconfig': {'id': 'fail_trimmed_samples_table', 'table_title': 'Samples failed trimming threshold', 'namespace': 'Samples failed trimming threshold', 'format': '{:.0f}'}}, 'fail_mapped_samples': {'section_name': 'WARNING: Fail Alignment Check', 'description': "List of samples that failed the STAR minimum mapped reads threshold specified via the '--min_mapped_reads' parameter, and hence were ignored for the downstream processing steps.", 'plot_type': 'table', 'pconfig': {'id': 'fail_mapped_samples_table', 'table_title': 'Samples failed mapping threshold', 'namespace': 'Samples failed mapping threshold', 'format': '{:.2f}'}}, 'fail_strand_check': {'section_name': 'WARNING: Fail Strand Check', 'description': "List of samples that failed the strandedness check between that provided in the samplesheet and calculated by the <a href='http://rseqc.sourceforge.net/#infer-experiment-py'>RSeQC infer_experiment.py</a> tool.", 'plot_type': 'table', 'pconfig': {'id': 'fail_strand_check_table', 'table_title': 'Samples failed strandedness check', 'namespace': 'Samples failed strandedness check', 'format': '{:.2f}'}}}}
[2023-08-27 14:54:51,239] multiqc                                            [DEBUG  ]  Added to filename patterns: [{'cutadapt': {'fn': '*trimming_report.txt'}, 'fastp': {'fn': '*.fastp.json'}, 'sortmerna': {'fn': '*.sortmerna.log'}, 'hisat2': {'fn': '*.hisat2.summary.log'}, 'salmon/meta': {'fn': 'meta_info.json'}, 'preseq': {'fn': '*.lc_extrap.txt'}, 'samtools/stats': {'fn': '*.stats'}, 'samtools/flagstat': {'fn': '*.flagstat'}, 'samtools/idxstats': {'fn': '*.idxstats*'}, 'rseqc/bam_stat': {'fn': '*.bam_stat.txt'}, 'rseqc/gene_body_coverage': {'skip': True}, 'rseqc/junction_annotation': {'fn': '*.junction_annotation.log'}, 'rseqc/read_gc': {'skip': True}, 'rseqc/read_distribution': {'fn': '*.read_distribution.txt'}, 'rseqc/infer_experiment': {'fn': '*.infer_experiment.txt'}, 'rseqc/tin': {'fn': '*.summary.txt'}, 'picard/markdups': {'fn': '*.MarkDuplicates.metrics.txt'}, 'picard/alignment_metrics': {'skip': True}, 'picard/basedistributionbycycle': {'skip': True}, 'picard/gcbias': {'skip': True}, 'picard/hsmetrics': {'skip': True}, 'picard/insertsize': {'skip': True}, 'picard/oxogmetrics': {'skip': True}, 'picard/pcr_metrics': {'skip': True}, 'picard/quality_by_cycle': {'skip': True}, 'picard/quality_score_distribution': {'skip': True}, 'picard/quality_yield_metrics': {'skip': True}, 'picard/rnaseqmetrics': {'skip': True}, 'picard/rrbs_metrics': {'skip': True}, 'picard/sam_file_validation': {'skip': True}, 'picard/variant_calling_metrics': {'skip': True}, 'picard/wgs_metrics': {'skip': True}}]
[2023-08-27 14:54:51,240] multiqc                                            [DEBUG  ]  Added to filename clean extensions: [['.umi_dedup', '_val', '.markdup']]
[2023-08-27 14:54:51,240] multiqc                                            [DEBUG  ]  Command used: /usr/local/bin/multiqc -f .
[2023-08-27 14:54:52,393] multiqc                                            [DEBUG  ]  Could not connect to multiqc.info for version check: <urlopen error [SSL: SSLV3_ALERT_HANDSHAKE_FAILURE] sslv3 alert handshake failure (_ssl.c:992)>
[2023-08-27 14:54:52,394] multiqc                                            [DEBUG  ]  Working dir : /scratch/majdal/pipelineAug27/Livermisterytest/work/9d/bf8588037392cd53664d3da84c763c
[2023-08-27 14:54:52,395] multiqc                                            [DEBUG  ]  Template    : default
[2023-08-27 14:54:52,395] multiqc                                            [DEBUG  ]  Running Python 3.11.0 | packaged by conda-forge | (main, Oct 25 2022, 06:24:40) [GCC 10.4.0]
[2023-08-27 14:54:52,396] multiqc                                            [INFO   ]  Only using modules: custom_content, fastqc, cutadapt, fastp, sortmerna, star, hisat2, rsem, salmon, samtools, picard, preseq, rseqc, qualimap
[2023-08-27 14:54:52,396] multiqc                                            [DEBUG  ]  Analysing modules: custom_content, hisat2, picard, preseq, qualimap, rsem, rseqc, salmon, samtools, sortmerna, star, fastqc, cutadapt, fastp, fastqc
[2023-08-27 14:54:52,396] multiqc                                            [DEBUG  ]  Using temporary directory for creating report: /tmp/tmpgybqr55f
[2023-08-27 14:54:52,720] multiqc                                            [INFO   ]  Search path : /scratch/majdal/pipelineAug27/Livermisterytest/work/9d/bf8588037392cd53664d3da84c763c
[2023-08-27 14:54:52,721] multiqc                                            [DEBUG  ]  Ignored 246 search patterns as didn't match running modules.
[2023-08-27 14:54:52,721] multiqc                                            [INFO   ]  Skipping 17 file search patterns
[2023-08-27 14:54:52,722] multiqc                                            [DEBUG  ]  Skipping search patterns: picard/alignment_metrics, picard/basedistributionbycycle, picard/gcbias, picard/hsmetrics, picard/insertsize, picard/oxogmetrics, picard/pcr_metrics, picard/quality_by_cycle, picard/quality_score_distribution, picard/quality_yield_metrics, picard/rnaseqmetrics, picard/rrbs_metrics, picard/sam_file_validation, picard/variant_calling_metrics, picard/wgs_metrics, rseqc/gene_body_coverage, rseqc/read_gc
[2023-08-27 14:55:02,736] multiqc                                            [DEBUG  ]  Summary of files that were skipped by the search: [skipped_no_match: 200]
[2023-08-27 14:55:03,945] multiqc.plots.bargraph                             [DEBUG  ]  Using matplotlib version 3.6.2
[2023-08-27 14:55:03,948] multiqc.plots.linegraph                            [DEBUG  ]  Using matplotlib version 3.6.2
[2023-08-27 14:55:05,295] multiqc.modules.custom_content.custom_content      [INFO   ]  nf-core-rnaseq-methods-description: Found 1 sample (html)
[2023-08-27 14:55:05,295] multiqc.modules.custom_content.custom_content      [INFO   ]  nf-core-rnaseq-summary: Found 1 sample (html)
[2023-08-27 14:55:05,296] multiqc.modules.custom_content.custom_content      [INFO   ]  software_versions: Found 1 sample (html)
[2023-08-27 14:55:10,522] multiqc.modules.custom_content.custom_content      [INFO   ]  biotype_counts: Found 6 samples (bargraph)
[2023-08-27 14:55:10,522] multiqc.modules.custom_content.custom_content      [INFO   ]  biotype-gs: Found 6 General Statistics columns
[2023-08-27 14:55:10,522] multiqc.modules.custom_content.custom_content      [INFO   ]  DupInt: Found 6 General Statistics columns
[2023-08-27 14:55:11,885] multiqc.modules.custom_content.custom_content      [INFO   ]  dupradar: Found 6 samples (linegraph)
[2023-08-27 14:55:11,886] multiqc.modules.custom_content.custom_content      [INFO   ]  star_salmon_deseq2_pca: Found 6 samples (scatter)
[2023-08-27 14:55:11,886] multiqc                                            [DEBUG  ]  multiqc_star_salmon_deseq2_clustering-plot could not be saved as tsv/csv. Falling back to YAML.
[2023-08-27 14:55:11,887] multiqc.modules.custom_content.custom_content      [INFO   ]  star_salmon_deseq2_clustering: Found 6 samples (heatmap)
[2023-08-27 14:55:13,960] multiqc.modules.picard.picard                      [INFO   ]  Found 6 MarkDuplicates reports
[2023-08-27 14:55:18,275] multiqc.modules.qualimap.qualimap                  [INFO   ]  Found 6 RNASeq reports
[2023-08-27 14:55:21,019] multiqc.modules.rseqc.rseqc                        [INFO   ]  Found 6 read_distribution reports
[2023-08-27 14:55:23,501] multiqc.modules.rseqc.rseqc                        [INFO   ]  Found 6 inner_distance reports
[2023-08-27 14:55:24,781] multiqc.modules.rseqc.rseqc                        [INFO   ]  Found 6 read_duplication reports
[2023-08-27 14:55:28,376] multiqc.modules.rseqc.rseqc                        [INFO   ]  Found 6 junction_annotation reports
[2023-08-27 14:55:31,984] multiqc.modules.rseqc.rseqc                        [INFO   ]  Found 6 junction_saturation reports
[2023-08-27 14:55:32,924] multiqc.modules.rseqc.rseqc                        [INFO   ]  Found 6 infer_experiment reports
[2023-08-27 14:55:33,070] multiqc.modules.rseqc.rseqc                        [INFO   ]  Found 6 bam_stat reports
[2023-08-27 14:55:34,733] multiqc.modules.samtools.samtools                  [INFO   ]  Found 6 stats reports
[2023-08-27 14:55:34,875] multiqc.modules.samtools.samtools                  [INFO   ]  Found 6 flagstat reports
[2023-08-27 14:55:41,117] multiqc.modules.samtools.samtools                  [INFO   ]  Found 6 idxstats reports
[2023-08-27 14:55:41,205] multiqc.modules.star.star                          [INFO   ]  Found 6 reports
[2023-08-27 14:55:43,142] multiqc.modules.base_module                        [DEBUG  ]  fastqc/zip - Selecting './fastqc/raw/LIVER_RNA_SMA_2_S2_L001_1_fastqc.zip' as it matched the path_filters for 'FastQC (raw)'
[2023-08-27 14:55:43,309] multiqc.modules.base_module                        [DEBUG  ]  fastqc/zip - Selecting './fastqc/raw/LIVER_RNA_SMA_1_S1_L001_1_fastqc.zip' as it matched the path_filters for 'FastQC (raw)'
[2023-08-27 14:55:43,515] multiqc.modules.base_module                        [DEBUG  ]  fastqc/zip - Selecting './fastqc/raw/LIVER_RNA_HET_2_S5_L001_2_fastqc.zip' as it matched the path_filters for 'FastQC (raw)'
[2023-08-27 14:55:43,744] multiqc.modules.base_module                        [DEBUG  ]  fastqc/zip - Selecting './fastqc/raw/P7_LIVER_RNA_HET_3_S6_L001_2_fastqc.zip' as it matched the path_filters for 'FastQC (raw)'
[2023-08-27 14:55:43,966] multiqc.modules.base_module                        [DEBUG  ]  fastqc/zip - Selecting './fastqc/raw/LIVER_RNA_HET_1_S4_L001_1_fastqc.zip' as it matched the path_filters for 'FastQC (raw)'
[2023-08-27 14:55:44,159] multiqc.modules.base_module                        [DEBUG  ]  fastqc/zip - Selecting './fastqc/raw/P7_LIVER_RNA_SMA_3_S3_L001_2_fastqc.zip' as it matched the path_filters for 'FastQC (raw)'
[2023-08-27 14:55:44,365] multiqc.modules.base_module                        [DEBUG  ]  fastqc/zip - Selecting './fastqc/raw/LIVER_RNA_HET_1_S4_L001_2_fastqc.zip' as it matched the path_filters for 'FastQC (raw)'
[2023-08-27 14:55:44,643] multiqc.modules.base_module                        [DEBUG  ]  fastqc/zip - Selecting './fastqc/raw/P7_LIVER_RNA_SMA_3_S3_L001_1_fastqc.zip' as it matched the path_filters for 'FastQC (raw)'
[2023-08-27 14:55:44,822] multiqc.modules.base_module                        [DEBUG  ]  fastqc/zip - Selecting './fastqc/raw/LIVER_RNA_SMA_2_S2_L001_2_fastqc.zip' as it matched the path_filters for 'FastQC (raw)'
[2023-08-27 14:55:45,006] multiqc.modules.base_module                        [DEBUG  ]  fastqc/zip - Selecting './fastqc/raw/LIVER_RNA_SMA_1_S1_L001_2_fastqc.zip' as it matched the path_filters for 'FastQC (raw)'
[2023-08-27 14:55:45,236] multiqc.modules.base_module                        [DEBUG  ]  fastqc/zip - Selecting './fastqc/raw/P7_LIVER_RNA_HET_3_S6_L001_1_fastqc.zip' as it matched the path_filters for 'FastQC (raw)'
[2023-08-27 14:55:45,438] multiqc.modules.base_module                        [DEBUG  ]  fastqc/zip - Selecting './fastqc/raw/LIVER_RNA_HET_2_S5_L001_1_fastqc.zip' as it matched the path_filters for 'FastQC (raw)'
[2023-08-27 14:55:45,723] multiqc.modules.base_module                        [DEBUG  ]  fastqc/zip - Skipping './fastqc/trim/P7_LIVER_RNA_HET_3_S6_L001_2_val_2_fastqc.zip' as it didn't match the path_filters for 'FastQC (raw)'
[2023-08-27 14:55:45,723] multiqc.modules.base_module                        [DEBUG  ]  fastqc/zip - Skipping './fastqc/trim/LIVER_RNA_HET_2_S5_L001_2_val_2_fastqc.zip' as it didn't match the path_filters for 'FastQC (raw)'
[2023-08-27 14:55:45,723] multiqc.modules.base_module                        [DEBUG  ]  fastqc/zip - Skipping './fastqc/trim/P7_LIVER_RNA_SMA_3_S3_L001_2_val_2_fastqc.zip' as it didn't match the path_filters for 'FastQC (raw)'
[2023-08-27 14:55:45,723] multiqc.modules.base_module                        [DEBUG  ]  fastqc/zip - Skipping './fastqc/trim/LIVER_RNA_SMA_1_S1_L001_1_val_1_fastqc.zip' as it didn't match the path_filters for 'FastQC (raw)'
[2023-08-27 14:55:45,723] multiqc.modules.base_module                        [DEBUG  ]  fastqc/zip - Skipping './fastqc/trim/LIVER_RNA_HET_1_S4_L001_1_val_1_fastqc.zip' as it didn't match the path_filters for 'FastQC (raw)'
[2023-08-27 14:55:45,723] multiqc.modules.base_module                        [DEBUG  ]  fastqc/zip - Skipping './fastqc/trim/LIVER_RNA_SMA_2_S2_L001_1_val_1_fastqc.zip' as it didn't match the path_filters for 'FastQC (raw)'
[2023-08-27 14:55:45,723] multiqc.modules.base_module                        [DEBUG  ]  fastqc/zip - Skipping './fastqc/trim/LIVER_RNA_HET_2_S5_L001_1_val_1_fastqc.zip' as it didn't match the path_filters for 'FastQC (raw)'
[2023-08-27 14:55:45,723] multiqc.modules.base_module                        [DEBUG  ]  fastqc/zip - Skipping './fastqc/trim/P7_LIVER_RNA_HET_3_S6_L001_1_val_1_fastqc.zip' as it didn't match the path_filters for 'FastQC (raw)'
[2023-08-27 14:55:45,723] multiqc.modules.base_module                        [DEBUG  ]  fastqc/zip - Skipping './fastqc/trim/P7_LIVER_RNA_SMA_3_S3_L001_1_val_1_fastqc.zip' as it didn't match the path_filters for 'FastQC (raw)'
[2023-08-27 14:55:45,723] multiqc.modules.base_module                        [DEBUG  ]  fastqc/zip - Skipping './fastqc/trim/LIVER_RNA_SMA_1_S1_L001_2_val_2_fastqc.zip' as it didn't match the path_filters for 'FastQC (raw)'
[2023-08-27 14:55:45,724] multiqc.modules.base_module                        [DEBUG  ]  fastqc/zip - Skipping './fastqc/trim/LIVER_RNA_SMA_2_S2_L001_2_val_2_fastqc.zip' as it didn't match the path_filters for 'FastQC (raw)'
[2023-08-27 14:55:45,724] multiqc.modules.base_module                        [DEBUG  ]  fastqc/zip - Skipping './fastqc/trim/LIVER_RNA_HET_1_S4_L001_2_val_2_fastqc.zip' as it didn't match the path_filters for 'FastQC (raw)'
[2023-08-27 14:55:45,724] multiqc.modules.fastqc.fastqc                      [INFO   ]  Found 12 reports
[2023-08-27 14:55:58,487] multiqc.modules.cutadapt.cutadapt                  [INFO   ]  Found 12 reports
[2023-08-27 14:56:03,720] multiqc.modules.base_module                        [DEBUG  ]  fastqc/zip - Skipping './fastqc/raw/LIVER_RNA_SMA_2_S2_L001_1_fastqc.zip' as it didn't match the path_filters for 'FastQC (trimmed)'
[2023-08-27 14:56:03,721] multiqc.modules.base_module                        [DEBUG  ]  fastqc/zip - Skipping './fastqc/raw/LIVER_RNA_SMA_1_S1_L001_1_fastqc.zip' as it didn't match the path_filters for 'FastQC (trimmed)'
[2023-08-27 14:56:03,721] multiqc.modules.base_module                        [DEBUG  ]  fastqc/zip - Skipping './fastqc/raw/LIVER_RNA_HET_2_S5_L001_2_fastqc.zip' as it didn't match the path_filters for 'FastQC (trimmed)'
[2023-08-27 14:56:03,721] multiqc.modules.base_module                        [DEBUG  ]  fastqc/zip - Skipping './fastqc/raw/P7_LIVER_RNA_HET_3_S6_L001_2_fastqc.zip' as it didn't match the path_filters for 'FastQC (trimmed)'
[2023-08-27 14:56:03,721] multiqc.modules.base_module                        [DEBUG  ]  fastqc/zip - Skipping './fastqc/raw/LIVER_RNA_HET_1_S4_L001_1_fastqc.zip' as it didn't match the path_filters for 'FastQC (trimmed)'
[2023-08-27 14:56:03,721] multiqc.modules.base_module                        [DEBUG  ]  fastqc/zip - Skipping './fastqc/raw/P7_LIVER_RNA_SMA_3_S3_L001_2_fastqc.zip' as it didn't match the path_filters for 'FastQC (trimmed)'
[2023-08-27 14:56:03,721] multiqc.modules.base_module                        [DEBUG  ]  fastqc/zip - Skipping './fastqc/raw/LIVER_RNA_HET_1_S4_L001_2_fastqc.zip' as it didn't match the path_filters for 'FastQC (trimmed)'
[2023-08-27 14:56:03,721] multiqc.modules.base_module                        [DEBUG  ]  fastqc/zip - Skipping './fastqc/raw/P7_LIVER_RNA_SMA_3_S3_L001_1_fastqc.zip' as it didn't match the path_filters for 'FastQC (trimmed)'
[2023-08-27 14:56:03,721] multiqc.modules.base_module                        [DEBUG  ]  fastqc/zip - Skipping './fastqc/raw/LIVER_RNA_SMA_2_S2_L001_2_fastqc.zip' as it didn't match the path_filters for 'FastQC (trimmed)'
[2023-08-27 14:56:03,721] multiqc.modules.base_module                        [DEBUG  ]  fastqc/zip - Skipping './fastqc/raw/LIVER_RNA_SMA_1_S1_L001_2_fastqc.zip' as it didn't match the path_filters for 'FastQC (trimmed)'
[2023-08-27 14:56:03,721] multiqc.modules.base_module                        [DEBUG  ]  fastqc/zip - Skipping './fastqc/raw/P7_LIVER_RNA_HET_3_S6_L001_1_fastqc.zip' as it didn't match the path_filters for 'FastQC (trimmed)'
[2023-08-27 14:56:03,721] multiqc.modules.base_module                        [DEBUG  ]  fastqc/zip - Skipping './fastqc/raw/LIVER_RNA_HET_2_S5_L001_1_fastqc.zip' as it didn't match the path_filters for 'FastQC (trimmed)'
[2023-08-27 14:56:03,721] multiqc.modules.base_module                        [DEBUG  ]  fastqc/zip - Selecting './fastqc/trim/P7_LIVER_RNA_HET_3_S6_L001_2_val_2_fastqc.zip' as it matched the path_filters for 'FastQC (trimmed)'
[2023-08-27 14:56:04,182] multiqc.modules.base_module                        [DEBUG  ]  fastqc/zip - Selecting './fastqc/trim/LIVER_RNA_HET_2_S5_L001_2_val_2_fastqc.zip' as it matched the path_filters for 'FastQC (trimmed)'
[2023-08-27 14:56:04,427] multiqc.modules.base_module                        [DEBUG  ]  fastqc/zip - Selecting './fastqc/trim/P7_LIVER_RNA_SMA_3_S3_L001_2_val_2_fastqc.zip' as it matched the path_filters for 'FastQC (trimmed)'
[2023-08-27 14:56:04,638] multiqc.modules.base_module                        [DEBUG  ]  fastqc/zip - Selecting './fastqc/trim/LIVER_RNA_SMA_1_S1_L001_1_val_1_fastqc.zip' as it matched the path_filters for 'FastQC (trimmed)'
[2023-08-27 14:56:04,831] multiqc.modules.base_module                        [DEBUG  ]  fastqc/zip - Selecting './fastqc/trim/LIVER_RNA_HET_1_S4_L001_1_val_1_fastqc.zip' as it matched the path_filters for 'FastQC (trimmed)'
[2023-08-27 14:56:05,035] multiqc.modules.base_module                        [DEBUG  ]  fastqc/zip - Selecting './fastqc/trim/LIVER_RNA_SMA_2_S2_L001_1_val_1_fastqc.zip' as it matched the path_filters for 'FastQC (trimmed)'
[2023-08-27 14:56:05,221] multiqc.modules.base_module                        [DEBUG  ]  fastqc/zip - Selecting './fastqc/trim/LIVER_RNA_HET_2_S5_L001_1_val_1_fastqc.zip' as it matched the path_filters for 'FastQC (trimmed)'
[2023-08-27 14:56:05,382] multiqc.modules.base_module                        [DEBUG  ]  fastqc/zip - Selecting './fastqc/trim/P7_LIVER_RNA_HET_3_S6_L001_1_val_1_fastqc.zip' as it matched the path_filters for 'FastQC (trimmed)'
[2023-08-27 14:56:05,600] multiqc.modules.base_module                        [DEBUG  ]  fastqc/zip - Selecting './fastqc/trim/P7_LIVER_RNA_SMA_3_S3_L001_1_val_1_fastqc.zip' as it matched the path_filters for 'FastQC (trimmed)'
[2023-08-27 14:56:05,857] multiqc.modules.base_module                        [DEBUG  ]  fastqc/zip - Selecting './fastqc/trim/LIVER_RNA_SMA_1_S1_L001_2_val_2_fastqc.zip' as it matched the path_filters for 'FastQC (trimmed)'
[2023-08-27 14:56:06,072] multiqc.modules.base_module                        [DEBUG  ]  fastqc/zip - Selecting './fastqc/trim/LIVER_RNA_SMA_2_S2_L001_2_val_2_fastqc.zip' as it matched the path_filters for 'FastQC (trimmed)'
[2023-08-27 14:56:06,269] multiqc.modules.base_module                        [DEBUG  ]  fastqc/zip - Selecting './fastqc/trim/LIVER_RNA_HET_1_S4_L001_2_val_2_fastqc.zip' as it matched the path_filters for 'FastQC (trimmed)'
[2023-08-27 14:56:06,467] multiqc.modules.fastqc.fastqc                      [INFO   ]  Found 12 reports
[2023-08-27 14:56:18,361] multiqc                                            [DEBUG  ]  Reordering sections: anchor 'nf-core-rnaseq-methods-description' not found for module 'Biotype Counts'.
[2023-08-27 14:56:18,361] multiqc                                            [DEBUG  ]  Reordering sections: anchor 'software_versions' not found for module 'Biotype Counts'.
[2023-08-27 14:56:18,361] multiqc                                            [DEBUG  ]  Reordering sections: anchor 'nf-core-rnaseq-summary' not found for module 'Biotype Counts'.
[2023-08-27 14:56:18,361] multiqc                                            [DEBUG  ]  Reordering sections: anchor 'nf-core-rnaseq-methods-description' not found for module 'DupRadar'.
[2023-08-27 14:56:18,361] multiqc                                            [DEBUG  ]  Reordering sections: anchor 'software_versions' not found for module 'DupRadar'.
[2023-08-27 14:56:18,361] multiqc                                            [DEBUG  ]  Reordering sections: anchor 'nf-core-rnaseq-summary' not found for module 'DupRadar'.
[2023-08-27 14:56:18,361] multiqc                                            [DEBUG  ]  Reordering sections: anchor 'nf-core-rnaseq-methods-description' not found for module 'STAR_SALMON DESeq2 PCA plot'.
[2023-08-27 14:56:18,361] multiqc                                            [DEBUG  ]  Reordering sections: anchor 'software_versions' not found for module 'STAR_SALMON DESeq2 PCA plot'.
[2023-08-27 14:56:18,361] multiqc                                            [DEBUG  ]  Reordering sections: anchor 'nf-core-rnaseq-summary' not found for module 'STAR_SALMON DESeq2 PCA plot'.
[2023-08-27 14:56:18,361] multiqc                                            [DEBUG  ]  Reordering sections: anchor 'nf-core-rnaseq-methods-description' not found for module 'STAR_SALMON DESeq2 sample similarity'.
[2023-08-27 14:56:18,361] multiqc                                            [DEBUG  ]  Reordering sections: anchor 'software_versions' not found for module 'STAR_SALMON DESeq2 sample similarity'.
[2023-08-27 14:56:18,361] multiqc                                            [DEBUG  ]  Reordering sections: anchor 'nf-core-rnaseq-summary' not found for module 'STAR_SALMON DESeq2 sample similarity'.
[2023-08-27 14:56:18,361] multiqc                                            [DEBUG  ]  Reordering sections: anchor 'nf-core-rnaseq-methods-description' not found for module 'Picard'.
[2023-08-27 14:56:18,362] multiqc                                            [DEBUG  ]  Reordering sections: anchor 'software_versions' not found for module 'Picard'.
[2023-08-27 14:56:18,362] multiqc                                            [DEBUG  ]  Reordering sections: anchor 'nf-core-rnaseq-summary' not found for module 'Picard'.
[2023-08-27 14:56:18,362] multiqc                                            [DEBUG  ]  Reordering sections: anchor 'nf-core-rnaseq-methods-description' not found for module 'QualiMap'.
[2023-08-27 14:56:18,362] multiqc                                            [DEBUG  ]  Reordering sections: anchor 'software_versions' not found for module 'QualiMap'.
[2023-08-27 14:56:18,362] multiqc                                            [DEBUG  ]  Reordering sections: anchor 'nf-core-rnaseq-summary' not found for module 'QualiMap'.
[2023-08-27 14:56:18,362] multiqc                                            [DEBUG  ]  Reordering sections: anchor 'nf-core-rnaseq-methods-description' not found for module 'RSeQC'.
[2023-08-27 14:56:18,362] multiqc                                            [DEBUG  ]  Reordering sections: anchor 'software_versions' not found for module 'RSeQC'.
[2023-08-27 14:56:18,362] multiqc                                            [DEBUG  ]  Reordering sections: anchor 'nf-core-rnaseq-summary' not found for module 'RSeQC'.
[2023-08-27 14:56:18,362] multiqc                                            [DEBUG  ]  Reordering sections: anchor 'nf-core-rnaseq-methods-description' not found for module 'Samtools'.
[2023-08-27 14:56:18,362] multiqc                                            [DEBUG  ]  Reordering sections: anchor 'software_versions' not found for module 'Samtools'.
[2023-08-27 14:56:18,362] multiqc                                            [DEBUG  ]  Reordering sections: anchor 'nf-core-rnaseq-summary' not found for module 'Samtools'.
[2023-08-27 14:56:18,362] multiqc                                            [DEBUG  ]  Reordering sections: anchor 'nf-core-rnaseq-methods-description' not found for module 'STAR'.
[2023-08-27 14:56:18,362] multiqc                                            [DEBUG  ]  Reordering sections: anchor 'software_versions' not found for module 'STAR'.
[2023-08-27 14:56:18,362] multiqc                                            [DEBUG  ]  Reordering sections: anchor 'nf-core-rnaseq-summary' not found for module 'STAR'.
[2023-08-27 14:56:18,362] multiqc                                            [DEBUG  ]  Reordering sections: anchor 'nf-core-rnaseq-methods-description' not found for module 'FastQC (raw)'.
[2023-08-27 14:56:18,362] multiqc                                            [DEBUG  ]  Reordering sections: anchor 'software_versions' not found for module 'FastQC (raw)'.
[2023-08-27 14:56:18,362] multiqc                                            [DEBUG  ]  Reordering sections: anchor 'nf-core-rnaseq-summary' not found for module 'FastQC (raw)'.
[2023-08-27 14:56:18,362] multiqc                                            [DEBUG  ]  Reordering sections: anchor 'nf-core-rnaseq-methods-description' not found for module 'Cutadapt'.
[2023-08-27 14:56:18,362] multiqc                                            [DEBUG  ]  Reordering sections: anchor 'software_versions' not found for module 'Cutadapt'.
[2023-08-27 14:56:18,362] multiqc                                            [DEBUG  ]  Reordering sections: anchor 'nf-core-rnaseq-summary' not found for module 'Cutadapt'.
[2023-08-27 14:56:18,362] multiqc                                            [DEBUG  ]  Reordering sections: anchor 'nf-core-rnaseq-methods-description' not found for module 'FastQC (trimmed)'.
[2023-08-27 14:56:18,363] multiqc                                            [DEBUG  ]  Reordering sections: anchor 'software_versions' not found for module 'FastQC (trimmed)'.
[2023-08-27 14:56:18,363] multiqc                                            [DEBUG  ]  Reordering sections: anchor 'nf-core-rnaseq-summary' not found for module 'FastQC (trimmed)'.
[2023-08-27 14:56:18,363] multiqc                                            [DEBUG  ]  Reordering sections: anchor 'nf-core-rnaseq-methods-description' not found for module 'nf-core/rnaseq Methods Description'.
[2023-08-27 14:56:18,363] multiqc                                            [DEBUG  ]  Reordering sections: anchor 'software_versions' not found for module 'nf-core/rnaseq Methods Description'.
[2023-08-27 14:56:18,363] multiqc                                            [DEBUG  ]  Reordering sections: anchor 'nf-core-rnaseq-summary' not found for module 'nf-core/rnaseq Methods Description'.
[2023-08-27 14:56:18,363] multiqc                                            [DEBUG  ]  Reordering sections: anchor 'nf-core-rnaseq-methods-description' not found for module 'nf-core/rnaseq Software Versions'.
[2023-08-27 14:56:18,363] multiqc                                            [DEBUG  ]  Reordering sections: anchor 'software_versions' not found for module 'nf-core/rnaseq Software Versions'.
[2023-08-27 14:56:18,363] multiqc                                            [DEBUG  ]  Reordering sections: anchor 'nf-core-rnaseq-summary' not found for module 'nf-core/rnaseq Software Versions'.
[2023-08-27 14:56:18,363] multiqc                                            [DEBUG  ]  Reordering sections: anchor 'nf-core-rnaseq-methods-description' not found for module 'nf-core/rnaseq Workflow Summary'.
[2023-08-27 14:56:18,363] multiqc                                            [DEBUG  ]  Reordering sections: anchor 'software_versions' not found for module 'nf-core/rnaseq Workflow Summary'.
[2023-08-27 14:56:18,363] multiqc                                            [DEBUG  ]  Reordering sections: anchor 'nf-core-rnaseq-summary' not found for module 'nf-core/rnaseq Workflow Summary'.
[2023-08-27 14:56:18,417] multiqc                                            [INFO   ]  Compressing plot data
[2023-08-27 14:56:19,821] multiqc                                            [INFO   ]  Report      : multiqc_report.html
[2023-08-27 14:56:19,821] multiqc                                            [INFO   ]  Data        : multiqc_data
[2023-08-27 14:56:19,821] multiqc                                            [DEBUG  ]  Moving data file from '/tmp/tmpgybqr55f/multiqc_data' to '/scratch/majdal/pipelineAug27/Livermisterytest/work/9d/bf8588037392cd53664d3da84c763c/multiqc_data'
[2023-08-27 14:56:21,330] multiqc                                            [INFO   ]  Plots       : multiqc_plots
[2023-08-27 14:56:21,330] multiqc                                            [DEBUG  ]  Moving plots directory from '/tmp/tmpgybqr55f/multiqc_plots' to '/scratch/majdal/pipelineAug27/Livermisterytest/work/9d/bf8588037392cd53664d3da84c763c/multiqc_plots'
[2023-08-27 14:56:24,926] multiqc                                            [INFO   ]  MultiQC complete
